<?xml version="1.0" encoding="UTF-8"?>
<!-- Generated by org.testng.reporters.JUnitXMLReporter -->
<testsuite ignored="4" hostname="Ideas2IT" failures="1" tests="4" name="Test" time="138.936" errors="0" timestamp="2024-11-22T14:22:22 IST">
  <testcase classname="tests.selenium.TC001_CreateIncident" name="createIncident" time="23.227">
    <failure type="java.lang.RuntimeException">
      <![CDATA[java.lang.RuntimeException
at lib.utils.HTMLReporter.reportStep(HTMLReporter.java:80)
at lib.utils.HTMLReporter.reportStep(HTMLReporter.java:89)
at lib.selenium.WebDriverServiceImpl.clickElementInsideShadowRoot(WebDriverServiceImpl.java:162)
at pages.selenium.HomePage.clickIncident(HomePage.java:46)
at tests.selenium.TC001_CreateIncident.createIncident(TC001_CreateIncident.java:31)
at java.base/java.util.ArrayList.forEach(ArrayList.java:1511)
... Removed 27 stack frames]]>
    </failure>
  </testcase> <!-- createIncident -->
  <testcase classname="tests.selenium.TC003_CreateIncidentUsingRestAndVerifyUsingSelenium" name="createIncident" time="32.736"/>
  <testcase classname="tests.selenium.TC002_CreateIncidentAndGetFromRest" name="createIncident" time="39.172"/>
  <testcase classname="tests.rest.TC004_GetIncidents" name="getIncidents" time="3.688"/>
  <testcase classname="lib.selenium.PreAndPost" name="@AfterSuite afterSuite" time="0.0">
    <ignored/>
  </testcase> <!-- @AfterSuite afterSuite -->
  <testcase classname="lib.selenium.PreAndPost" name="@AfterSuite afterSuite" time="0.0">
    <ignored/>
  </testcase> <!-- @AfterSuite afterSuite -->
  <testcase classname="lib.selenium.PreAndPost" name="@BeforeSuite beforeSuite" time="0.0">
    <ignored/>
  </testcase> <!-- @BeforeSuite beforeSuite -->
  <testcase classname="lib.selenium.PreAndPost" name="@BeforeSuite beforeSuite" time="0.0">
    <ignored/>
  </testcase> <!-- @BeforeSuite beforeSuite -->
</testsuite> <!-- Test -->
