<?xml version="1.0" encoding="UTF-8"?>
<testsuite xmlns:xsi="http://www.w3.org/2001/XMLSchema-instance" xsi:noNamespaceSchemaLocation="https://maven.apache.org/surefire/maven-surefire-plugin/xsd/surefire-test-report.xsd" name="TestSuite" time="93.484" tests="3" errors="0" skipped="0" failures="3">
  <properties>
[...]
</properties>
  <testcase name="createIncident" classname="tests.selenium.TC001_CreateIncident" time="18.842">
    <failure type="java.lang.RuntimeException">java.lang.RuntimeException
	at tests.selenium.TC001_CreateIncident.createIncident(TC001_CreateIncident.java:27)
</failure>
    <system-out><![CDATA[[TestNGContentHandler] [WARN] It is strongly recommended to add "<!DOCTYPE suite SYSTEM "https://testng.org/testng-1.0.dtd" >" at the top of your file, otherwise TestNG may fail or not work as expected.
./data/TC002.xlsx
Loaded configuration for environment: dev
]]></system-out>
    <system-err><![CDATA[SLF4J: Failed to load class "org.slf4j.impl.StaticLoggerBinder".
SLF4J: Defaulting to no-operation (NOP) logger implementation
SLF4J: See http://www.slf4j.org/codes.html#StaticLoggerBinder for further details.
Starting ChromeDriver 130.0.6723.93 (dbcf0550c05ee0bd99b0349268818840f4b48136-refs/branch-heads/6723@{#1519}) on port 5588
Only local connections are allowed.
Please see https://chromedriver.chromium.org/security-considerations for suggestions on keeping ChromeDriver safe.
ChromeDriver was started successfully on port 5588.
Nov 08, 2024 11:59:10 AM org.openqa.selenium.remote.ProtocolHandshake createSession
INFO: Detected dialect: W3C
]]></system-err>
  </testcase>
  <testcase name="createIncident" classname="tests.selenium.TC002_CreateIncidentAndGetFromRest" time="19.686">
    <failure message="no such element: Unable to locate element: {&quot;method&quot;:&quot;css selector&quot;,&quot;selector&quot;:&quot;#filter&quot;}&#10;  (Session info: chrome=130.0.6723.116)&#10;For documentation on this error, please visit: https://selenium.dev/exceptions/#no_such_element&#10;Build info: version: &apos;4.0.0-alpha-4&apos;, revision: &apos;c2d955b49e&apos;&#10;System info: host: &apos;Ideas2IT&apos;, ip: &apos;192.168.1.3&apos;, os.name: &apos;Windows 11&apos;, os.arch: &apos;amd64&apos;, os.version: &apos;10.0&apos;, java.version: &apos;17.0.12&apos;&#10;Driver info: org.openqa.selenium.chrome.ChromeDriver&#10;Capabilities {acceptInsecureCerts: false, browserName: chrome, browserVersion: 130.0.6723.116, chrome: {chromedriverVersion: 130.0.6723.93 (dbcf0550c05e..., userDataDir: C:\Users\Windows\AppData\Lo...}, fedcm:accounts: true, goog:chromeOptions: {debuggerAddress: localhost:59504}, javascriptEnabled: true, networkConnectionEnabled: false, pageLoadStrategy: normal, platform: WINDOWS, platformName: WINDOWS, proxy: Proxy(), setWindowRect: true, strictFileInteractability: false, timeouts: {implicit: 0, pageLoad: 300000, script: 30000}, unhandledPromptBehavior: dismiss and notify, webauthn:extension:credBlob: true, webauthn:extension:largeBlob: true, webauthn:extension:minPinLength: true, webauthn:extension:prf: true, webauthn:virtualAuthenticators: true}&#10;Session ID: a6461952cf0ae3d5fa9c0b23c7f755a3&#10;*** Element info: {Using=id, value=filter}" type="org.openqa.selenium.NoSuchElementException">org.openqa.selenium.NoSuchElementException: 
no such element: Unable to locate element: {"method":"css selector","selector":"#filter"}
  (Session info: chrome=130.0.6723.116)
For documentation on this error, please visit: https://selenium.dev/exceptions/#no_such_element
Build info: version: '4.0.0-alpha-4', revision: 'c2d955b49e'
System info: host: 'Ideas2IT', ip: '192.168.1.3', os.name: 'Windows 11', os.arch: 'amd64', os.version: '10.0', java.version: '17.0.12'
Driver info: org.openqa.selenium.chrome.ChromeDriver
Capabilities {acceptInsecureCerts: false, browserName: chrome, browserVersion: 130.0.6723.116, chrome: {chromedriverVersion: 130.0.6723.93 (dbcf0550c05e..., userDataDir: C:\Users\Windows\AppData\Lo...}, fedcm:accounts: true, goog:chromeOptions: {debuggerAddress: localhost:59504}, javascriptEnabled: true, networkConnectionEnabled: false, pageLoadStrategy: normal, platform: WINDOWS, platformName: WINDOWS, proxy: Proxy(), setWindowRect: true, strictFileInteractability: false, timeouts: {implicit: 0, pageLoad: 300000, script: 30000}, unhandledPromptBehavior: dismiss and notify, webauthn:extension:credBlob: true, webauthn:extension:largeBlob: true, webauthn:extension:minPinLength: true, webauthn:extension:prf: true, webauthn:virtualAuthenticators: true}
Session ID: a6461952cf0ae3d5fa9c0b23c7f755a3
*** Element info: {Using=id, value=filter}
	at tests.selenium.TC002_CreateIncidentAndGetFromRest.createIncident(TC002_CreateIncidentAndGetFromRest.java:33)
</failure>
    <system-out><![CDATA[./data/TC002.xlsx
Loaded configuration for environment: dev
]]></system-out>
    <system-err><![CDATA[Starting ChromeDriver 130.0.6723.93 (dbcf0550c05ee0bd99b0349268818840f4b48136-refs/branch-heads/6723@{#1519}) on port 50608
Only local connections are allowed.
Please see https://chromedriver.chromium.org/security-considerations for suggestions on keeping ChromeDriver safe.
ChromeDriver was started successfully on port 50608.
Nov 08, 2024 11:59:39 AM org.openqa.selenium.remote.ProtocolHandshake createSession
INFO: Detected dialect: W3C
]]></system-err>
  </testcase>
  <testcase name="createIncident" classname="tests.selenium.TC003_CreateIncidentUsingRestAndVerifyUsingSelenium" time="20.939">
    <failure message="no such element: Unable to locate element: {&quot;method&quot;:&quot;css selector&quot;,&quot;selector&quot;:&quot;#filter&quot;}&#10;  (Session info: chrome=130.0.6723.116)&#10;For documentation on this error, please visit: https://selenium.dev/exceptions/#no_such_element&#10;Build info: version: &apos;4.0.0-alpha-4&apos;, revision: &apos;c2d955b49e&apos;&#10;System info: host: &apos;Ideas2IT&apos;, ip: &apos;192.168.1.3&apos;, os.name: &apos;Windows 11&apos;, os.arch: &apos;amd64&apos;, os.version: &apos;10.0&apos;, java.version: &apos;17.0.12&apos;&#10;Driver info: org.openqa.selenium.chrome.ChromeDriver&#10;Capabilities {acceptInsecureCerts: false, browserName: chrome, browserVersion: 130.0.6723.116, chrome: {chromedriverVersion: 130.0.6723.93 (dbcf0550c05e..., userDataDir: C:\Users\Windows\AppData\Lo...}, fedcm:accounts: true, goog:chromeOptions: {debuggerAddress: localhost:59553}, javascriptEnabled: true, networkConnectionEnabled: false, pageLoadStrategy: normal, platform: WINDOWS, platformName: WINDOWS, proxy: Proxy(), setWindowRect: true, strictFileInteractability: false, timeouts: {implicit: 0, pageLoad: 300000, script: 30000}, unhandledPromptBehavior: dismiss and notify, webauthn:extension:credBlob: true, webauthn:extension:largeBlob: true, webauthn:extension:minPinLength: true, webauthn:extension:prf: true, webauthn:virtualAuthenticators: true}&#10;Session ID: 65b9ad7458e31ef174a75e98289dcfe7&#10;*** Element info: {Using=id, value=filter}" type="org.openqa.selenium.NoSuchElementException">org.openqa.selenium.NoSuchElementException: 
no such element: Unable to locate element: {"method":"css selector","selector":"#filter"}
  (Session info: chrome=130.0.6723.116)
For documentation on this error, please visit: https://selenium.dev/exceptions/#no_such_element
Build info: version: '4.0.0-alpha-4', revision: 'c2d955b49e'
System info: host: 'Ideas2IT', ip: '192.168.1.3', os.name: 'Windows 11', os.arch: 'amd64', os.version: '10.0', java.version: '17.0.12'
Driver info: org.openqa.selenium.chrome.ChromeDriver
Capabilities {acceptInsecureCerts: false, browserName: chrome, browserVersion: 130.0.6723.116, chrome: {chromedriverVersion: 130.0.6723.93 (dbcf0550c05e..., userDataDir: C:\Users\Windows\AppData\Lo...}, fedcm:accounts: true, goog:chromeOptions: {debuggerAddress: localhost:59553}, javascriptEnabled: true, networkConnectionEnabled: false, pageLoadStrategy: normal, platform: WINDOWS, platformName: WINDOWS, proxy: Proxy(), setWindowRect: true, strictFileInteractability: false, timeouts: {implicit: 0, pageLoad: 300000, script: 30000}, unhandledPromptBehavior: dismiss and notify, webauthn:extension:credBlob: true, webauthn:extension:largeBlob: true, webauthn:extension:minPinLength: true, webauthn:extension:prf: true, webauthn:virtualAuthenticators: true}
Session ID: 65b9ad7458e31ef174a75e98289dcfe7
*** Element info: {Using=id, value=filter}
	at tests.selenium.TC003_CreateIncidentUsingRestAndVerifyUsingSelenium.createIncident(TC003_CreateIncidentUsingRestAndVerifyUsingSelenium.java:43)
</failure>
    <system-out><![CDATA[./data/TC003.xlsx
Loaded configuration for environment: dev
Request method:	POST
Request URI:	https://dev276551.service-now.com/api/now/table/incident
Proxy:			<none>
Request params:	<none>
Query params:	<none>
Form params:	<none>
Path params:	<none>
Headers:		Accept=*/*
				Content-Type=application/json; charset=UTF-8
Cookies:		<none>
Multiparts:		<none>
Body:			<none>
HTTP/1.1 201 Created
Server-Timing: sem_wait;dur=0, sesh_wait;dur=0
Content-Encoding: gzip
X-Is-Logged-In: true
X-Transaction-ID: b4f563a883f1
Location: https://dev276551.service-now.com/api/now/table/incident/7cf56f2c83351210183cffefeeaad3c4
X-Content-Type-Options: nosniff
Pragma: no-store,no-cache
Cache-Control: no-cache,no-store,must-revalidate,max-age=-1
Expires: 0
Content-Type: application/json;charset=UTF-8
Transfer-Encoding: chunked
Date: Fri, 08 Nov 2024 06:30:19 GMT
Keep-Alive: timeout=70
Connection: keep-alive
Server: ServiceNow
Set-Cookie: JSESSIONID=F8B34794642A62992B3ABA27385A66EE; Path=/; HttpOnly; SameSite=None; Secure
Set-Cookie: glide_user=; Max-Age=0; Expires=Thu, 01-Jan-1970 00:00:10 GMT; Path=/; Secure; HttpOnly; SameSite=None; Secure
Set-Cookie: glide_user_session=; Max-Age=0; Expires=Thu, 01-Jan-1970 00:00:10 GMT; Path=/; Secure; HttpOnly; SameSite=None; Secure
Set-Cookie: glide_user_route=glide.b69115ee436e08d03fa79364a1570d7d; Max-Age=2147483647; Expires=Wed, 26-Nov-2092 09:44:27 GMT; Path=/; Secure; HttpOnly; SameSite=None; Secure
Set-Cookie: glide_node_id_for_js=cde3e5cc399c8c81ac6c78bb0a66d8fbacc463747bcc404ea91c736b66e32fe7; Path=/; Secure; SameSite=None; Secure
Set-Cookie: glide_session_store=70F563A883F11210183CFFEFEEAAD341; Max-Age=1800; Expires=Fri, 08-Nov-2024 07:00:20 GMT; Path=/; Secure; HttpOnly; SameSite=None; Secure
Set-Cookie: BIGipServerpool_dev276551=1216519946.40254.0000; path=/; Httponly; Secure; SameSite=None; Secure
Strict-Transport-Security: max-age=63072000; includeSubDomains

{
    "result": {
        "parent": "",
        "made_sla": "true",
        "caused_by": "",
        "watch_list": "",
        "upon_reject": "cancel",
        "sys_updated_on": "2024-11-08 06:30:20",
        "child_incidents": "0",
        "hold_reason": "",
        "origin_table": "",
        "task_effective_number": "INC0010021",
        "approval_history": "",
        "number": "INC0010021",
        "resolved_by": "",
        "sys_updated_by": "admin",
        "opened_by": {
            "link": "https://dev276551.service-now.com/api/now/table/sys_user/6816f79cc0a8016401c5a33be04be441",
            "value": "6816f79cc0a8016401c5a33be04be441"
        },
        "user_input": "",
        "sys_created_on": "2024-11-08 06:30:20",
        "sys_domain": {
            "link": "https://dev276551.service-now.com/api/now/table/sys_user_group/global",
            "value": "global"
        },
        "state": "1",
        "route_reason": "",
        "sys_created_by": "admin",
        "knowledge": "false",
        "order": "",
        "calendar_stc": "",
        "closed_at": "",
        "cmdb_ci": "",
        "delivery_plan": "",
        "contract": "",
        "impact": "3",
        "active": "true",
        "work_notes_list": "",
        "business_service": "",
        "business_impact": "",
        "priority": "5",
        "sys_domain_path": "/",
        "rfc": "",
        "time_worked": "",
        "expected_start": "",
        "opened_at": "2024-11-08 06:30:20",
        "business_duration": "",
        "group_list": "",
        "work_end": "",
        "caller_id": "",
        "reopened_time": "",
        "resolved_at": "",
        "approval_set": "",
        "subcategory": "",
        "work_notes": "",
        "universal_request": "",
        "short_description": "",
        "close_code": "",
        "correlation_display": "",
        "delivery_task": "",
        "work_start": "",
        "assignment_group": "",
        "additional_assignee_list": "",
        "business_stc": "",
        "cause": "",
        "description": "",
        "origin_id": "",
        "calendar_duration": "",
        "close_notes": "",
        "notify": "1",
        "service_offering": "",
        "sys_class_name": "incident",
        "closed_by": "",
        "follow_up": "",
        "parent_incident": "",
        "sys_id": "7cf56f2c83351210183cffefeeaad3c4",
        "contact_type": "",
        "reopened_by": "",
        "incident_state": "1",
        "urgency": "3",
        "problem_id": "",
        "company": "",
        "reassignment_count": "0",
        "activity_due": "",
        "assigned_to": "",
        "severity": "3",
        "comments": "",
        "approval": "not requested",
        "sla_due": "",
        "comments_and_work_notes": "",
        "due_date": "",
        "sys_mod_count": "0",
        "reopen_count": "0",
        "sys_tags": "",
        "escalation": "0",
        "upon_approval": "proceed",
        "correlation_id": "",
        "location": "",
        "category": "inquiry"
    }
}
Request method:	POST
Request URI:	https://dev276551.service-now.com/api/now/table/incident
Proxy:			<none>
Request params:	<none>
Query params:	<none>
Form params:	<none>
Path params:	<none>
Headers:		Accept=*/*
				Content-Type=application/json; charset=UTF-8
Cookies:		<none>
Multiparts:		<none>
Body:			<none>
]]></system-out>
    <system-err><![CDATA[Starting ChromeDriver 130.0.6723.93 (dbcf0550c05ee0bd99b0349268818840f4b48136-refs/branch-heads/6723@{#1519}) on port 30723
Only local connections are allowed.
Please see https://chromedriver.chromium.org/security-considerations for suggestions on keeping ChromeDriver safe.
ChromeDriver was started successfully on port 30723.
Nov 08, 2024 12:00:07 PM org.openqa.selenium.remote.ProtocolHandshake createSession
INFO: Detected dialect: W3C
]]></system-err>
  </testcase>
</testsuite>